<?xml version="1.0" encoding="UTF-8"?>
<!-- Generated by org.testng.reporters.JUnitReportReporter -->
<testsuite hostname="DESKTOP-5QHFCP6" failures="0" tests="2" name="karanthakur.Mavenjava.RestAPITest" time="0.033" errors="0" timestamp="2022-07-06T08:08:54 IST" skipped="0">
  <testcase classname="karanthakur.Mavenjava.RestAPITest" name="deleteTwitter" time="0.012"/>
  <system-out/>
  <testcase classname="karanthakur.Mavenjava.RestAPITest" name="posJira" time="0.021"/>
  <system-out/>
</testsuite> <!-- karanthakur.Mavenjava.RestAPITest -->
