<?xml version="1.0" encoding="UTF-8"?>
<!-- Generated by org.testng.reporters.JUnitReportReporter -->
<testsuite hostname="DESKTOP-5QHFCP6" failures="0" tests="2" name="karanthakur.Mavenjava.SeleniumTest" time="0.035" errors="0" timestamp="2022-07-06T08:08:54 IST" skipped="0">
  <testcase classname="karanthakur.Mavenjava.SeleniumTest" name="elementUi" time="0.002"/>
  <system-out/>
  <testcase classname="karanthakur.Mavenjava.SeleniumTest" name="BrowserAutomation" time="0.033"/>
  <system-out/>
</testsuite> <!-- karanthakur.Mavenjava.SeleniumTest -->
