<?xml version="1.0" encoding="UTF-8"?>
<!-- Generated by org.testng.reporters.JUnitReportReporter -->
<testsuite hostname="DESKTOP-5QHFCP6" failures="0" tests="2" name="karanthakur.Mavenjava.AppiumTest" time="0.004" errors="0" timestamp="2022-07-06T08:08:54 IST" skipped="0">
  <testcase classname="karanthakur.Mavenjava.AppiumTest" name="IOSApps" time="0.001"/>
  <system-out/>
  <testcase classname="karanthakur.Mavenjava.AppiumTest" name="NativeAndroid" time="0.003"/>
  <system-out/>
</testsuite> <!-- karanthakur.Mavenjava.AppiumTest -->
